{"C:\\Users\\silva\\Dropbox\\My PC (Andre)\\Desktop\\survey-node-study\\src\\data\\usecases\\add-account\\db-add-account-protocols.ts": {"path":"C:\\Users\\silva\\Dropbox\\My PC (Andre)\\Desktop\\survey-node-study\\src\\data\\usecases\\add-account\\db-add-account-protocols.ts","all":true,"statementMap":{"0":{"start":{"line":1,"column":0},"end":{"line":1,"column":46}},"1":{"start":{"line":2,"column":0},"end":{"line":2,"column":52}},"2":{"start":{"line":3,"column":0},"end":{"line":3,"column":41}}},"s":{"0":0,"1":0,"2":0},"branchMap":{"0":{"type":"branch","line":1,"loc":{"start":{"line":1,"column":0},"end":{"line":3,"column":41}},"locations":[{"start":{"line":1,"column":0},"end":{"line":3,"column":41}}]}},"b":{"0":[0]},"fnMap":{"0":{"name":"(empty-report)","decl":{"start":{"line":1,"column":0},"end":{"line":3,"column":41}},"loc":{"start":{"line":1,"column":0},"end":{"line":3,"column":41}},"line":1}},"f":{"0":0}}
,"C:\\Users\\silva\\Dropbox\\My PC (Andre)\\Desktop\\survey-node-study\\src\\data\\usecases\\add-account\\db-add-account.ts": {"path":"C:\\Users\\silva\\Dropbox\\My PC (Andre)\\Desktop\\survey-node-study\\src\\data\\usecases\\add-account\\db-add-account.ts","all":false,"statementMap":{"0":{"start":{"line":1,"column":0},"end":{"line":1,"column":97}},"1":{"start":{"line":2,"column":0},"end":{"line":2,"column":0}},"2":{"start":{"line":3,"column":0},"end":{"line":3,"column":49}},"3":{"start":{"line":4,"column":0},"end":{"line":4,"column":41}},"4":{"start":{"line":5,"column":0},"end":{"line":5,"column":0}},"5":{"start":{"line":6,"column":0},"end":{"line":6,"column":39}},"6":{"start":{"line":7,"column":0},"end":{"line":7,"column":34}},"7":{"start":{"line":8,"column":0},"end":{"line":8,"column":5}},"8":{"start":{"line":9,"column":0},"end":{"line":9,"column":64}},"9":{"start":{"line":10,"column":0},"end":{"line":10,"column":54}},"10":{"start":{"line":11,"column":0},"end":{"line":11,"column":52}},"11":{"start":{"line":12,"column":0},"end":{"line":12,"column":5}},"12":{"start":{"line":13,"column":0},"end":{"line":13,"column":1}}},"s":{"0":1,"1":1,"2":1,"3":1,"4":1,"5":1,"6":2,"7":2,"8":1,"9":2,"10":1,"11":1,"12":1},"branchMap":{"0":{"type":"branch","line":6,"loc":{"start":{"line":6,"column":4},"end":{"line":8,"column":5}},"locations":[{"start":{"line":6,"column":4},"end":{"line":8,"column":5}}]},"1":{"type":"branch","line":9,"loc":{"start":{"line":9,"column":10},"end":{"line":12,"column":5}},"locations":[{"start":{"line":9,"column":10},"end":{"line":12,"column":5}}]},"2":{"type":"branch","line":11,"loc":{"start":{"line":11,"column":-2},"end":{"line":12,"column":5}},"locations":[{"start":{"line":11,"column":-2},"end":{"line":12,"column":5}}]},"3":{"type":"branch","line":11,"loc":{"start":{"line":11,"column":27},"end":{"line":11,"column":51}},"locations":[{"start":{"line":11,"column":27},"end":{"line":11,"column":51}}]}},"b":{"0":[2],"1":[2],"2":[1],"3":[1]},"fnMap":{"0":{"name":"DbAddAccount","decl":{"start":{"line":6,"column":4},"end":{"line":8,"column":5}},"loc":{"start":{"line":6,"column":4},"end":{"line":8,"column":5}},"line":6},"1":{"name":"add","decl":{"start":{"line":9,"column":10},"end":{"line":12,"column":5}},"loc":{"start":{"line":9,"column":10},"end":{"line":12,"column":5}},"line":9}},"f":{"0":2,"1":2}}
}
